-------------------------------------------------------------------------------
Test set: ie.gmit.StudentListTest
-------------------------------------------------------------------------------
Tests run: 2, Failures: 1, Errors: 0, Skipped: 0, Time elapsed: 0.085 s <<< FAILURE! - in ie.gmit.StudentListTest
ie.gmit.StudentListTest.testfindName  Time elapsed: 0.043 s  <<< FAILURE!
org.opentest4j.AssertionFailedError: expected: <Conor> but was: <ie.gmit.Student@3f23a3a0>
	at ie.gmit.StudentListTest.testfindName(StudentListTest.java:30)

